<?xml version="1.0" encoding="UTF-8"?>
<!-- Generated by org.testng.reporters.JUnitXMLReporter -->
<testsuite ignored="1" hostname="LAPTOP-5KMFOFH9" failures="0" tests="2" name="Default test" time="16.95" errors="0" timestamp="2023-06-28T21:35:04 IST">
  <testcase classname="com.SwagLabs.TestCases.OverviewTestCase" name="verifySummary" time="0.055"/>
  <testcase classname="com.SwagLabs.TestCases.OverviewTestCase" name="verifyFinish" time="0.151"/>
  <testcase classname="com.SwagLabs.TestCases.OverviewTestCase" name="verifyCancel" time="0.0">
    <ignored/>
  </testcase> <!-- verifyCancel -->
</testsuite> <!-- Default test -->
