<?xml version="1.0" encoding="UTF-8"?>
<!-- Generated by org.testng.reporters.JUnitXMLReporter -->
<testsuite ignored="1" hostname="LAPTOP-5KMFOFH9" failures="0" tests="2" name="Test" time="18.109" errors="0" timestamp="2023-07-04T12:20:28 IST">
  <testcase classname="com.SwagLabs.TestCases.OverviewTestCase" name="verifySummary" time="0.072"/>
  <testcase classname="com.SwagLabs.TestCases.OverviewTestCase" name="verifyFinish" time="0.445"/>
  <testcase classname="com.SwagLabs.TestCases.OverviewTestCase" name="verifyCancel" time="0.0">
    <ignored/>
  </testcase> <!-- verifyCancel -->
</testsuite> <!-- Test -->
