<?xml version="1.0" encoding="UTF-8"?>
<testng-results ignored="1" total="3" passed="2" failed="0" skipped="0">
  <reporter-output>
  </reporter-output>
  <suite started-at="2023-07-04T12:20:09 IST" name="Suite" finished-at="2023-07-04T12:20:27 IST" duration-ms="18109">
    <groups>
    </groups>
    <test started-at="2023-07-04T12:20:09 IST" name="Test" finished-at="2023-07-04T12:20:27 IST" duration-ms="18109">
      <class name="com.SwagLabs.TestCases.OverviewTestCase">
        <test-method is-config="true" signature="setUp()[pri:0, instance:com.SwagLabs.TestCases.OverviewTestCase@4f5991f6]" started-at="2023-07-04T12:20:09 IST" name="setUp" finished-at="2023-07-04T12:20:14 IST" duration-ms="4591" status="PASS">
          <reporter-output>
          </reporter-output>
        </test-method> <!-- setUp -->
        <test-method is-config="true" signature="pageSetUp()[pri:0, instance:com.SwagLabs.TestCases.OverviewTestCase@4f5991f6]" started-at="2023-07-04T12:20:14 IST" name="pageSetUp" finished-at="2023-07-04T12:20:27 IST" duration-ms="12884" status="PASS">
          <reporter-output>
          </reporter-output>
        </test-method> <!-- pageSetUp -->
        <test-method signature="verifySummary()[pri:1, instance:com.SwagLabs.TestCases.OverviewTestCase@4f5991f6]" started-at="2023-07-04T12:20:27 IST" name="verifySummary" finished-at="2023-07-04T12:20:27 IST" duration-ms="72" status="PASS">
          <reporter-output>
          </reporter-output>
        </test-method> <!-- verifySummary -->
        <test-method signature="verifyFinish()[pri:3, instance:com.SwagLabs.TestCases.OverviewTestCase@4f5991f6]" started-at="2023-07-04T12:20:27 IST" name="verifyFinish" finished-at="2023-07-04T12:20:27 IST" duration-ms="445" status="PASS">
          <reporter-output>
          </reporter-output>
        </test-method> <!-- verifyFinish -->
      </class> <!-- com.SwagLabs.TestCases.OverviewTestCase -->
    </test> <!-- Test -->
  </suite> <!-- Suite -->
</testng-results>
